<?xml version="1.0" encoding="UTF-8"?>
<!-- Generated by org.testng.reporters.JUnitXMLReporter -->
<testsuite ignored="3" hostname="GUS-LV" failures="0" tests="3" name="Pruebas Iniciar Sesion" time="0.109" errors="0" timestamp="2022-05-20T12:33:41 CST">
  <testcase classname="TestCases.Auth" name="@BeforeMethod beforeTest" time="-1.653071621377E9">
    <failure type="org.testng.TestNGException" message="
Parameter &amp;apos;browser&amp;apos; is required by BeforeMethod on method beforeTest but has not been marked @Optional or defined
in C:\Users\gusfc\eclipse-workspace\Git\ProyectoPSO04\ProjectPSO04\suite.xml">
      <![CDATA[org.testng.TestNGException: 
Parameter 'browser' is required by BeforeMethod on method beforeTest but has not been marked @Optional or defined
in C:\Users\gusfc\eclipse-workspace\Git\ProyectoPSO04\ProjectPSO04\suite.xml
at java.base/java.util.ArrayList.forEach(ArrayList.java:1511)
... Removed 28 stack frames]]>
    </failure>
  </testcase> <!-- @BeforeMethod beforeTest -->
  <testcase classname="TestCases.Auth" name="@AfterMethod afterTest" time="0.0">
    <skipped/>
  </testcase> <!-- @AfterMethod afterTest -->
  <testcase classname="TestCases.Auth" name="@BeforeMethod beforeTest" time="0.0">
    <skipped/>
  </testcase> <!-- @BeforeMethod beforeTest -->
  <testcase classname="TestCases.Auth" name="@AfterMethod afterTest" time="0.0">
    <skipped/>
  </testcase> <!-- @AfterMethod afterTest -->
  <testcase classname="TestCases.Auth" name="@BeforeMethod beforeTest" time="0.0">
    <skipped/>
  </testcase> <!-- @BeforeMethod beforeTest -->
  <testcase classname="TestCases.Auth" name="@AfterMethod afterTest" time="0.0">
    <skipped/>
  </testcase> <!-- @AfterMethod afterTest -->
  <testcase classname="TestCases.Auth" name="@AfterClass afterClass" time="0.0">
    <skipped/>
  </testcase> <!-- @AfterClass afterClass -->
  <testcase classname="TestCases.Auth" name="TestCaseLoginSuccess" time="0.0">
    <skipped/>
  </testcase> <!-- TestCaseLoginSuccess -->
  <testcase classname="TestCases.Auth" name="TestCaseLoginIncorrect" time="0.0">
    <skipped/>
  </testcase> <!-- TestCaseLoginIncorrect -->
  <testcase classname="TestCases.Auth" name="TestCaseLogout" time="0.001">
    <skipped/>
  </testcase> <!-- TestCaseLogout -->
  <testcase classname="TestCases.Auth" name="TestCaseRegisterSuccess" time="0.0">
    <ignored/>
  </testcase> <!-- TestCaseRegisterSuccess -->
  <testcase classname="TestCases.Auth" name="TestCaseRegisterWithoutPrivacyPolicy" time="0.0">
    <ignored/>
  </testcase> <!-- TestCaseRegisterWithoutPrivacyPolicy -->
  <testcase classname="TestCases.Auth" name="TestCaseRegisterRepeatedEmail" time="0.0">
    <ignored/>
  </testcase> <!-- TestCaseRegisterRepeatedEmail -->
</testsuite> <!-- Pruebas Iniciar Sesion -->
