<?xml version="1.0" encoding="UTF-8"?>
<!-- Generated by org.testng.reporters.JUnitXMLReporter -->
<testsuite ignored="0" hostname="GUS-LV" failures="0" tests="3" name="Pruebas Busqueda" time="0.052" errors="0" timestamp="2022-05-20T12:33:41 CST">
  <testcase classname="TestCases.SearchProduct" name="@BeforeMethod beforeTest" time="-1.653071621584E9">
    <failure type="org.testng.TestNGException" message="
Parameter &amp;apos;browser&amp;apos; is required by BeforeMethod on method beforeTest but has not been marked @Optional or defined
in C:\Users\gusfc\eclipse-workspace\Git\ProyectoPSO04\ProjectPSO04\suite.xml">
      <![CDATA[org.testng.TestNGException: 
Parameter 'browser' is required by BeforeMethod on method beforeTest but has not been marked @Optional or defined
in C:\Users\gusfc\eclipse-workspace\Git\ProyectoPSO04\ProjectPSO04\suite.xml
at java.base/java.util.ArrayList.forEach(ArrayList.java:1511)
... Removed 28 stack frames]]>
    </failure>
  </testcase> <!-- @BeforeMethod beforeTest -->
  <testcase classname="TestCases.SearchProduct" name="@AfterMethod afterTest" time="0.0">
    <skipped/>
  </testcase> <!-- @AfterMethod afterTest -->
  <testcase classname="TestCases.SearchProduct" name="@BeforeMethod beforeTest" time="0.0">
    <skipped/>
  </testcase> <!-- @BeforeMethod beforeTest -->
  <testcase classname="TestCases.SearchProduct" name="@AfterMethod afterTest" time="0.0">
    <skipped/>
  </testcase> <!-- @AfterMethod afterTest -->
  <testcase classname="TestCases.SearchProduct" name="@BeforeMethod beforeTest" time="0.0">
    <skipped/>
  </testcase> <!-- @BeforeMethod beforeTest -->
  <testcase classname="TestCases.SearchProduct" name="@AfterMethod afterTest" time="0.0">
    <skipped/>
  </testcase> <!-- @AfterMethod afterTest -->
  <testcase classname="TestCases.SearchProduct" name="@AfterClass afterClass" time="0.0">
    <skipped/>
  </testcase> <!-- @AfterClass afterClass -->
  <testcase classname="TestCases.SearchProduct" name="TestCaseSearchChangeCriteria" time="0.0">
    <skipped/>
  </testcase> <!-- TestCaseSearchChangeCriteria -->
  <testcase classname="TestCases.SearchProduct" name="TestCaseSearchProductExist" time="0.0">
    <skipped/>
  </testcase> <!-- TestCaseSearchProductExist -->
  <testcase classname="TestCases.SearchProduct" name="TestCaseSearchProductNotExist" time="0.0">
    <skipped/>
  </testcase> <!-- TestCaseSearchProductNotExist -->
</testsuite> <!-- Pruebas Busqueda -->
