<?xml version="1.0" encoding="UTF-8"?>
<!-- Generated by org.testng.reporters.JUnitReportReporter -->
<testsuite hostname="GUS-LV" failures="0" tests="7" name="TestCases.Auth" time="-1653074304.000" errors="1" timestamp="2022-05-20T13:17:17 CST" skipped="6">
  <testcase classname="TestCases.Auth" name="TestCaseLoginIncorrect" time="0.000">
    <skipped/>
  </testcase> <!-- TestCaseLoginIncorrect -->
  <system-out/>
  <testcase classname="TestCases.Auth" name="TestCaseLoginSuccess" time="0.000">
    <skipped/>
  </testcase> <!-- TestCaseLoginSuccess -->
  <system-out/>
  <testcase classname="TestCases.Auth" name="TestCaseLogout" time="0.001">
    <skipped/>
  </testcase> <!-- TestCaseLogout -->
  <system-out/>
  <testcase classname="TestCases.Auth" name="TestCaseRegisterWithoutPrivacyPolicy" time="0.000">
    <skipped/>
  </testcase> <!-- TestCaseRegisterWithoutPrivacyPolicy -->
  <system-out/>
  <testcase classname="TestCases.Auth" name="beforeTest" time="-1653074304.000">
    <error message="
Parameter &#039;browser&#039; is required by BeforeMethod on method beforeTest but has not been marked @Optional or defined
in C:\Users\gusfc\AppData\Local\Temp\testng-eclipse--1429261372\testng-customsuite.xml" type="org.testng.TestNGException">
      <![CDATA[org.testng.TestNGException: 
Parameter 'browser' is required by BeforeMethod on method beforeTest but has not been marked @Optional or defined
in C:\Users\gusfc\AppData\Local\Temp\testng-eclipse--1429261372\testng-customsuite.xml
at org.testng.internal.Parameters.createParams(Parameters.java:267)
at org.testng.internal.Parameters.createParametersForMethod(Parameters.java:355)
at org.testng.internal.Parameters.createParameters(Parameters.java:660)
at org.testng.internal.Parameters.createConfigurationParameters(Parameters.java:166)
at org.testng.internal.invokers.ConfigInvoker.invokeConfigurations(ConfigInvoker.java:300)
at org.testng.internal.invokers.TestInvoker.runConfigMethods(TestInvoker.java:803)
at org.testng.internal.invokers.TestInvoker.invokeMethod(TestInvoker.java:589)
at org.testng.internal.invokers.TestInvoker.invokeTestMethod(TestInvoker.java:220)
at org.testng.internal.invokers.MethodRunner.runInSequence(MethodRunner.java:50)
at org.testng.internal.invokers.TestInvoker$MethodInvocationAgent.invoke(TestInvoker.java:945)
at org.testng.internal.invokers.TestInvoker.invokeTestMethods(TestInvoker.java:193)
at org.testng.internal.invokers.TestMethodWorker.invokeTestMethods(TestMethodWorker.java:146)
at org.testng.internal.invokers.TestMethodWorker.run(TestMethodWorker.java:128)
at java.base/java.util.ArrayList.forEach(ArrayList.java:1511)
at org.testng.TestRunner.privateRun(TestRunner.java:808)
at org.testng.TestRunner.run(TestRunner.java:603)
at org.testng.SuiteRunner.runTest(SuiteRunner.java:429)
at org.testng.SuiteRunner.runSequentially(SuiteRunner.java:423)
at org.testng.SuiteRunner.privateRun(SuiteRunner.java:383)
at org.testng.SuiteRunner.run(SuiteRunner.java:326)
at org.testng.SuiteRunnerWorker.runSuite(SuiteRunnerWorker.java:52)
at org.testng.SuiteRunnerWorker.run(SuiteRunnerWorker.java:95)
at org.testng.TestNG.runSuitesSequentially(TestNG.java:1249)
at org.testng.TestNG.runSuitesLocally(TestNG.java:1169)
at org.testng.TestNG.runSuites(TestNG.java:1092)
at org.testng.TestNG.run(TestNG.java:1060)
at org.testng.remote.AbstractRemoteTestNG.run(AbstractRemoteTestNG.java:115)
at org.testng.remote.RemoteTestNG.initAndRun(RemoteTestNG.java:251)
at org.testng.remote.RemoteTestNG.main(RemoteTestNG.java:77)
]]>
    </error>
  </testcase> <!-- beforeTest -->
  <system-out/>
  <testcase classname="TestCases.Auth" name="TestCaseRegisterRepeatedEmail" time="0.000">
    <skipped/>
  </testcase> <!-- TestCaseRegisterRepeatedEmail -->
  <system-out/>
  <testcase classname="TestCases.Auth" name="TestCaseRegisterSuccess" time="0.000">
    <skipped/>
  </testcase> <!-- TestCaseRegisterSuccess -->
  <system-out/>
</testsuite> <!-- TestCases.Auth -->
